c:\users\kirby\onedrive\바탕 화면\jaemitnex_direct2d_defense\build\dawnlinedefense.dir\release\deltatimer.obj
c:\users\kirby\onedrive\바탕 화면\jaemitnex_direct2d_defense\build\dawnlinedefense.dir\release\main.obj
c:\users\kirby\onedrive\바탕 화면\jaemitnex_direct2d_defense\build\dawnlinedefense.dir\release\pawlinegame.obj
c:\users\kirby\onedrive\바탕 화면\jaemitnex_direct2d_defense\build\dawnlinedefense.dir\release\gamedata.obj
c:\users\kirby\onedrive\바탕 화면\jaemitnex_direct2d_defense\build\dawnlinedefense.dir\release\pawlinegameimplrender.obj
c:\users\kirby\onedrive\바탕 화면\jaemitnex_direct2d_defense\build\dawnlinedefense.dir\release\pawlinegameimplcore.obj
c:\users\kirby\onedrive\바탕 화면\jaemitnex_direct2d_defense\build\dawnlinedefense.dir\release\pawlinegameimpllayout.obj
c:\users\kirby\onedrive\바탕 화면\jaemitnex_direct2d_defense\build\dawnlinedefense.dir\release\pawlinegameimplinput.obj
c:\users\kirby\onedrive\바탕 화면\jaemitnex_direct2d_defense\build\dawnlinedefense.dir\release\pawlinegameimplcombat.obj
c:\users\kirby\onedrive\바탕 화면\jaemitnex_direct2d_defense\build\cmakefiles\generate.stamp
c:\users\kirby\onedrive\바탕 화면\jaemitnex_direct2d_defense\build\release\dawnlinedefense.exe
c:\users\kirby\onedrive\바탕 화면\jaemitnex_direct2d_defense\build\dawnlinedefense.dir\release\dawnlinedefense.tlog\cl.command.1.tlog
c:\users\kirby\onedrive\바탕 화면\jaemitnex_direct2d_defense\build\dawnlinedefense.dir\release\dawnlinedefense.tlog\cl.items.tlog
c:\users\kirby\onedrive\바탕 화면\jaemitnex_direct2d_defense\build\dawnlinedefense.dir\release\dawnlinedefense.tlog\cl.read.1.tlog
c:\users\kirby\onedrive\바탕 화면\jaemitnex_direct2d_defense\build\dawnlinedefense.dir\release\dawnlinedefense.tlog\cl.write.1.tlog
c:\users\kirby\onedrive\바탕 화면\jaemitnex_direct2d_defense\build\dawnlinedefense.dir\release\dawnlinedefense.tlog\custombuild.command.1.tlog
c:\users\kirby\onedrive\바탕 화면\jaemitnex_direct2d_defense\build\dawnlinedefense.dir\release\dawnlinedefense.tlog\custombuild.read.1.tlog
c:\users\kirby\onedrive\바탕 화면\jaemitnex_direct2d_defense\build\dawnlinedefense.dir\release\dawnlinedefense.tlog\custombuild.write.1.tlog
c:\users\kirby\onedrive\바탕 화면\jaemitnex_direct2d_defense\build\dawnlinedefense.dir\release\dawnlinedefense.tlog\link.command.1.tlog
c:\users\kirby\onedrive\바탕 화면\jaemitnex_direct2d_defense\build\dawnlinedefense.dir\release\dawnlinedefense.tlog\link.read.1.tlog
c:\users\kirby\onedrive\바탕 화면\jaemitnex_direct2d_defense\build\dawnlinedefense.dir\release\dawnlinedefense.tlog\link.secondary.1.tlog
c:\users\kirby\onedrive\바탕 화면\jaemitnex_direct2d_defense\build\dawnlinedefense.dir\release\dawnlinedefense.tlog\link.write.1.tlog
